[2019-02-18 09:16:24] local.ERROR: could not find driver (SQL: select * from information_schema.tables where table_schema = PARKINGLARAVEL and table_name = migrations) {"exception":"[object] (Illuminate\\Database\\QueryException(code: 0): could not find driver (SQL: select * from information_schema.tables where table_schema = PARKINGLARAVEL and table_name = migrations) at /home/karim/GIt project/parking_/vendor/laravel/framework/src/Illuminate/Database/Connection.php:664, PDOException(code: 0): could not find driver at /home/karim/GIt project/parking_/vendor/laravel/framework/src/Illuminate/Database/Connectors/Connector.php:70)
[stacktrace]
#0 /home/karim/GIt project/parking_/vendor/laravel/framework/src/Illuminate/Database/Connection.php(624): Illuminate\\Database\\Connection->runQueryCallback('select * from i...', Array, Object(Closure))
#1 /home/karim/GIt project/parking_/vendor/laravel/framework/src/Illuminate/Database/Connection.php(333): Illuminate\\Database\\Connection->run('select * from i...', Array, Object(Closure))
#2 /home/karim/GIt project/parking_/vendor/laravel/framework/src/Illuminate/Database/Schema/MySqlBuilder.php(18): Illuminate\\Database\\Connection->select('select * from i...', Array)
#3 /home/karim/GIt project/parking_/vendor/laravel/framework/src/Illuminate/Database/Migrations/DatabaseMigrationRepository.php(169): Illuminate\\Database\\Schema\\MySqlBuilder->hasTable('migrations')
#4 /home/karim/GIt project/parking_/vendor/laravel/framework/src/Illuminate/Database/Migrations/Migrator.php(556): Illuminate\\Database\\Migrations\\DatabaseMigrationRepository->repositoryExists()
#5 /home/karim/GIt project/parking_/vendor/laravel/framework/src/Illuminate/Database/Console/Migrations/MigrateCommand.php(91): Illuminate\\Database\\Migrations\\Migrator->repositoryExists()
#6 /home/karim/GIt project/parking_/vendor/laravel/framework/src/Illuminate/Database/Console/Migrations/MigrateCommand.php(63): Illuminate\\Database\\Console\\Migrations\\MigrateCommand->prepareDatabase()
#7 [internal function]: Illuminate\\Database\\Console\\Migrations\\MigrateCommand->handle()
#8 /home/karim/GIt project/parking_/vendor/laravel/framework/src/Illuminate/Container/BoundMethod.php(29): call_user_func_array(Array, Array)
#9 /home/karim/GIt project/parking_/vendor/laravel/framework/src/Illuminate/Container/BoundMethod.php(87): Illuminate\\Container\\BoundMethod::Illuminate\\Container\\{closure}()
#10 /home/karim/GIt project/parking_/vendor/laravel/framework/src/Illuminate/Container/BoundMethod.php(31): Illuminate\\Container\\BoundMethod::callBoundMethod(Object(Illuminate\\Foundation\\Application), Array, Object(Closure))
#11 /home/karim/GIt project/parking_/vendor/laravel/framework/src/Illuminate/Container/Container.php(572): Illuminate\\Container\\BoundMethod::call(Object(Illuminate\\Foundation\\Application), Array, Array, NULL)
#12 /home/karim/GIt project/parking_/vendor/laravel/framework/src/Illuminate/Console/Command.php(183): Illuminate\\Container\\Container->call(Array)
#13 /home/karim/GIt project/parking_/vendor/symfony/console/Command/Command.php(255): Illuminate\\Console\\Command->execute(Object(Symfony\\Component\\Console\\Input\\ArgvInput), Object(Illuminate\\Console\\OutputStyle))
#14 /home/karim/GIt project/parking_/vendor/laravel/framework/src/Illuminate/Console/Command.php(170): Symfony\\Component\\Console\\Command\\Command->run(Object(Symfony\\Component\\Console\\Input\\ArgvInput), Object(Illuminate\\Console\\OutputStyle))
#15 /home/karim/GIt project/parking_/vendor/symfony/console/Application.php(901): Illuminate\\Console\\Command->run(Object(Symfony\\Component\\Console\\Input\\ArgvInput), Object(Symfony\\Component\\Console\\Output\\ConsoleOutput))
#16 /home/karim/GIt project/parking_/vendor/symfony/console/Application.php(262): Symfony\\Component\\Console\\Application->doRunCommand(Object(Illuminate\\Database\\Console\\Migrations\\MigrateCommand), Object(Symfony\\Component\\Console\\Input\\ArgvInput), Object(Symfony\\Component\\Console\\Output\\ConsoleOutput))
#17 /home/karim/GIt project/parking_/vendor/symfony/console/Application.php(145): Symfony\\Component\\Console\\Application->doRun(Object(Symfony\\Component\\Console\\Input\\ArgvInput), Object(Symfony\\Component\\Console\\Output\\ConsoleOutput))
#18 /home/karim/GIt project/parking_/vendor/laravel/framework/src/Illuminate/Console/Application.php(89): Symfony\\Component\\Console\\Application->run(Object(Symfony\\Component\\Console\\Input\\ArgvInput), Object(Symfony\\Component\\Console\\Output\\ConsoleOutput))
#19 /home/karim/GIt project/parking_/vendor/laravel/framework/src/Illuminate/Foundation/Console/Kernel.php(122): Illuminate\\Console\\Application->run(Object(Symfony\\Component\\Console\\Input\\ArgvInput), Object(Symfony\\Component\\Console\\Output\\ConsoleOutput))
#20 /home/karim/GIt project/parking_/artisan(37): Illuminate\\Foundation\\Console\\Kernel->handle(Object(Symfony\\Component\\Console\\Input\\ArgvInput), Object(Symfony\\Component\\Console\\Output\\ConsoleOutput))
#21 {main}
"} 
[2019-02-18 09:18:52] local.ERROR: could not find driver (SQL: select * from information_schema.tables where table_schema = PARKINGLARAVEL and table_name = migrations) {"exception":"[object] (Illuminate\\Database\\QueryException(code: 0): could not find driver (SQL: select * from information_schema.tables where table_schema = PARKINGLARAVEL and table_name = migrations) at /home/karim/GIt project/parking_/vendor/laravel/framework/src/Illuminate/Database/Connection.php:664, PDOException(code: 0): could not find driver at /home/karim/GIt project/parking_/vendor/laravel/framework/src/Illuminate/Database/Connectors/Connector.php:70)
[stacktrace]
#0 /home/karim/GIt project/parking_/vendor/laravel/framework/src/Illuminate/Database/Connection.php(624): Illuminate\\Database\\Connection->runQueryCallback('select * from i...', Array, Object(Closure))
#1 /home/karim/GIt project/parking_/vendor/laravel/framework/src/Illuminate/Database/Connection.php(333): Illuminate\\Database\\Connection->run('select * from i...', Array, Object(Closure))
#2 /home/karim/GIt project/parking_/vendor/laravel/framework/src/Illuminate/Database/Schema/MySqlBuilder.php(18): Illuminate\\Database\\Connection->select('select * from i...', Array)
#3 /home/karim/GIt project/parking_/vendor/laravel/framework/src/Illuminate/Database/Migrations/DatabaseMigrationRepository.php(169): Illuminate\\Database\\Schema\\MySqlBuilder->hasTable('migrations')
#4 /home/karim/GIt project/parking_/vendor/laravel/framework/src/Illuminate/Database/Migrations/Migrator.php(556): Illuminate\\Database\\Migrations\\DatabaseMigrationRepository->repositoryExists()
#5 /home/karim/GIt project/parking_/vendor/laravel/framework/src/Illuminate/Database/Console/Migrations/MigrateCommand.php(91): Illuminate\\Database\\Migrations\\Migrator->repositoryExists()
#6 /home/karim/GIt project/parking_/vendor/laravel/framework/src/Illuminate/Database/Console/Migrations/MigrateCommand.php(63): Illuminate\\Database\\Console\\Migrations\\MigrateCommand->prepareDatabase()
#7 [internal function]: Illuminate\\Database\\Console\\Migrations\\MigrateCommand->handle()
#8 /home/karim/GIt project/parking_/vendor/laravel/framework/src/Illuminate/Container/BoundMethod.php(29): call_user_func_array(Array, Array)
#9 /home/karim/GIt project/parking_/vendor/laravel/framework/src/Illuminate/Container/BoundMethod.php(87): Illuminate\\Container\\BoundMethod::Illuminate\\Container\\{closure}()
#10 /home/karim/GIt project/parking_/vendor/laravel/framework/src/Illuminate/Container/BoundMethod.php(31): Illuminate\\Container\\BoundMethod::callBoundMethod(Object(Illuminate\\Foundation\\Application), Array, Object(Closure))
#11 /home/karim/GIt project/parking_/vendor/laravel/framework/src/Illuminate/Container/Container.php(572): Illuminate\\Container\\BoundMethod::call(Object(Illuminate\\Foundation\\Application), Array, Array, NULL)
#12 /home/karim/GIt project/parking_/vendor/laravel/framework/src/Illuminate/Console/Command.php(183): Illuminate\\Container\\Container->call(Array)
#13 /home/karim/GIt project/parking_/vendor/symfony/console/Command/Command.php(255): Illuminate\\Console\\Command->execute(Object(Symfony\\Component\\Console\\Input\\ArgvInput), Object(Illuminate\\Console\\OutputStyle))
#14 /home/karim/GIt project/parking_/vendor/laravel/framework/src/Illuminate/Console/Command.php(170): Symfony\\Component\\Console\\Command\\Command->run(Object(Symfony\\Component\\Console\\Input\\ArgvInput), Object(Illuminate\\Console\\OutputStyle))
#15 /home/karim/GIt project/parking_/vendor/symfony/console/Application.php(901): Illuminate\\Console\\Command->run(Object(Symfony\\Component\\Console\\Input\\ArgvInput), Object(Symfony\\Component\\Console\\Output\\ConsoleOutput))
#16 /home/karim/GIt project/parking_/vendor/symfony/console/Application.php(262): Symfony\\Component\\Console\\Application->doRunCommand(Object(Illuminate\\Database\\Console\\Migrations\\MigrateCommand), Object(Symfony\\Component\\Console\\Input\\ArgvInput), Object(Symfony\\Component\\Console\\Output\\ConsoleOutput))
#17 /home/karim/GIt project/parking_/vendor/symfony/console/Application.php(145): Symfony\\Component\\Console\\Application->doRun(Object(Symfony\\Component\\Console\\Input\\ArgvInput), Object(Symfony\\Component\\Console\\Output\\ConsoleOutput))
#18 /home/karim/GIt project/parking_/vendor/laravel/framework/src/Illuminate/Console/Application.php(89): Symfony\\Component\\Console\\Application->run(Object(Symfony\\Component\\Console\\Input\\ArgvInput), Object(Symfony\\Component\\Console\\Output\\ConsoleOutput))
#19 /home/karim/GIt project/parking_/vendor/laravel/framework/src/Illuminate/Foundation/Console/Kernel.php(122): Illuminate\\Console\\Application->run(Object(Symfony\\Component\\Console\\Input\\ArgvInput), Object(Symfony\\Component\\Console\\Output\\ConsoleOutput))
#20 /home/karim/GIt project/parking_/artisan(37): Illuminate\\Foundation\\Console\\Kernel->handle(Object(Symfony\\Component\\Console\\Input\\ArgvInput), Object(Symfony\\Component\\Console\\Output\\ConsoleOutput))
#21 {main}
"} 
[2019-02-18 10:13:54] local.ERROR: could not find driver (SQL: select * from information_schema.tables where table_schema = PARKINGLARAVEL and table_name = migrations) {"exception":"[object] (Illuminate\\Database\\QueryException(code: 0): could not find driver (SQL: select * from information_schema.tables where table_schema = PARKINGLARAVEL and table_name = migrations) at /home/karim/GIt project/parking_/vendor/laravel/framework/src/Illuminate/Database/Connection.php:664, PDOException(code: 0): could not find driver at /home/karim/GIt project/parking_/vendor/laravel/framework/src/Illuminate/Database/Connectors/Connector.php:70)
[stacktrace]
#0 /home/karim/GIt project/parking_/vendor/laravel/framework/src/Illuminate/Database/Connection.php(624): Illuminate\\Database\\Connection->runQueryCallback('select * from i...', Array, Object(Closure))
#1 /home/karim/GIt project/parking_/vendor/laravel/framework/src/Illuminate/Database/Connection.php(333): Illuminate\\Database\\Connection->run('select * from i...', Array, Object(Closure))
#2 /home/karim/GIt project/parking_/vendor/laravel/framework/src/Illuminate/Database/Schema/MySqlBuilder.php(18): Illuminate\\Database\\Connection->select('select * from i...', Array)
#3 /home/karim/GIt project/parking_/vendor/laravel/framework/src/Illuminate/Database/Migrations/DatabaseMigrationRepository.php(169): Illuminate\\Database\\Schema\\MySqlBuilder->hasTable('migrations')
#4 /home/karim/GIt project/parking_/vendor/laravel/framework/src/Illuminate/Database/Migrations/Migrator.php(556): Illuminate\\Database\\Migrations\\DatabaseMigrationRepository->repositoryExists()
#5 /home/karim/GIt project/parking_/vendor/laravel/framework/src/Illuminate/Database/Console/Migrations/MigrateCommand.php(91): Illuminate\\Database\\Migrations\\Migrator->repositoryExists()
#6 /home/karim/GIt project/parking_/vendor/laravel/framework/src/Illuminate/Database/Console/Migrations/MigrateCommand.php(63): Illuminate\\Database\\Console\\Migrations\\MigrateCommand->prepareDatabase()
#7 [internal function]: Illuminate\\Database\\Console\\Migrations\\MigrateCommand->handle()
#8 /home/karim/GIt project/parking_/vendor/laravel/framework/src/Illuminate/Container/BoundMethod.php(29): call_user_func_array(Array, Array)
#9 /home/karim/GIt project/parking_/vendor/laravel/framework/src/Illuminate/Container/BoundMethod.php(87): Illuminate\\Container\\BoundMethod::Illuminate\\Container\\{closure}()
#10 /home/karim/GIt project/parking_/vendor/laravel/framework/src/Illuminate/Container/BoundMethod.php(31): Illuminate\\Container\\BoundMethod::callBoundMethod(Object(Illuminate\\Foundation\\Application), Array, Object(Closure))
#11 /home/karim/GIt project/parking_/vendor/laravel/framework/src/Illuminate/Container/Container.php(572): Illuminate\\Container\\BoundMethod::call(Object(Illuminate\\Foundation\\Application), Array, Array, NULL)
#12 /home/karim/GIt project/parking_/vendor/laravel/framework/src/Illuminate/Console/Command.php(183): Illuminate\\Container\\Container->call(Array)
#13 /home/karim/GIt project/parking_/vendor/symfony/console/Command/Command.php(255): Illuminate\\Console\\Command->execute(Object(Symfony\\Component\\Console\\Input\\ArgvInput), Object(Illuminate\\Console\\OutputStyle))
#14 /home/karim/GIt project/parking_/vendor/laravel/framework/src/Illuminate/Console/Command.php(170): Symfony\\Component\\Console\\Command\\Command->run(Object(Symfony\\Component\\Console\\Input\\ArgvInput), Object(Illuminate\\Console\\OutputStyle))
#15 /home/karim/GIt project/parking_/vendor/symfony/console/Application.php(901): Illuminate\\Console\\Command->run(Object(Symfony\\Component\\Console\\Input\\ArgvInput), Object(Symfony\\Component\\Console\\Output\\ConsoleOutput))
#16 /home/karim/GIt project/parking_/vendor/symfony/console/Application.php(262): Symfony\\Component\\Console\\Application->doRunCommand(Object(Illuminate\\Database\\Console\\Migrations\\MigrateCommand), Object(Symfony\\Component\\Console\\Input\\ArgvInput), Object(Symfony\\Component\\Console\\Output\\ConsoleOutput))
#17 /home/karim/GIt project/parking_/vendor/symfony/console/Application.php(145): Symfony\\Component\\Console\\Application->doRun(Object(Symfony\\Component\\Console\\Input\\ArgvInput), Object(Symfony\\Component\\Console\\Output\\ConsoleOutput))
#18 /home/karim/GIt project/parking_/vendor/laravel/framework/src/Illuminate/Console/Application.php(89): Symfony\\Component\\Console\\Application->run(Object(Symfony\\Component\\Console\\Input\\ArgvInput), Object(Symfony\\Component\\Console\\Output\\ConsoleOutput))
#19 /home/karim/GIt project/parking_/vendor/laravel/framework/src/Illuminate/Foundation/Console/Kernel.php(122): Illuminate\\Console\\Application->run(Object(Symfony\\Component\\Console\\Input\\ArgvInput), Object(Symfony\\Component\\Console\\Output\\ConsoleOutput))
#20 /home/karim/GIt project/parking_/artisan(37): Illuminate\\Foundation\\Console\\Kernel->handle(Object(Symfony\\Component\\Console\\Input\\ArgvInput), Object(Symfony\\Component\\Console\\Output\\ConsoleOutput))
#21 {main}
"} 
[2019-02-18 10:16:14] local.ERROR: SQLSTATE[HY000] [1045] Access denied for user 'Karim1'@'localhost' (using password: YES) (SQL: select * from information_schema.tables where table_schema = PARKINGLARAVEL and table_name = migrations) {"exception":"[object] (Illuminate\\Database\\QueryException(code: 1045): SQLSTATE[HY000] [1045] Access denied for user 'Karim1'@'localhost' (using password: YES) (SQL: select * from information_schema.tables where table_schema = PARKINGLARAVEL and table_name = migrations) at /home/karim/GIt project/parking_/vendor/laravel/framework/src/Illuminate/Database/Connection.php:664, PDOException(code: 1045): SQLSTATE[HY000] [1045] Access denied for user 'Karim1'@'localhost' (using password: YES) at /home/karim/GIt project/parking_/vendor/laravel/framework/src/Illuminate/Database/Connectors/Connector.php:70)
[stacktrace]
#0 /home/karim/GIt project/parking_/vendor/laravel/framework/src/Illuminate/Database/Connection.php(624): Illuminate\\Database\\Connection->runQueryCallback('select * from i...', Array, Object(Closure))
#1 /home/karim/GIt project/parking_/vendor/laravel/framework/src/Illuminate/Database/Connection.php(333): Illuminate\\Database\\Connection->run('select * from i...', Array, Object(Closure))
#2 /home/karim/GIt project/parking_/vendor/laravel/framework/src/Illuminate/Database/Schema/MySqlBuilder.php(18): Illuminate\\Database\\Connection->select('select * from i...', Array)
#3 /home/karim/GIt project/parking_/vendor/laravel/framework/src/Illuminate/Database/Migrations/DatabaseMigrationRepository.php(169): Illuminate\\Database\\Schema\\MySqlBuilder->hasTable('migrations')
#4 /home/karim/GIt project/parking_/vendor/laravel/framework/src/Illuminate/Database/Migrations/Migrator.php(556): Illuminate\\Database\\Migrations\\DatabaseMigrationRepository->repositoryExists()
#5 /home/karim/GIt project/parking_/vendor/laravel/framework/src/Illuminate/Database/Console/Migrations/MigrateCommand.php(91): Illuminate\\Database\\Migrations\\Migrator->repositoryExists()
#6 /home/karim/GIt project/parking_/vendor/laravel/framework/src/Illuminate/Database/Console/Migrations/MigrateCommand.php(63): Illuminate\\Database\\Console\\Migrations\\MigrateCommand->prepareDatabase()
#7 [internal function]: Illuminate\\Database\\Console\\Migrations\\MigrateCommand->handle()
#8 /home/karim/GIt project/parking_/vendor/laravel/framework/src/Illuminate/Container/BoundMethod.php(29): call_user_func_array(Array, Array)
#9 /home/karim/GIt project/parking_/vendor/laravel/framework/src/Illuminate/Container/BoundMethod.php(87): Illuminate\\Container\\BoundMethod::Illuminate\\Container\\{closure}()
#10 /home/karim/GIt project/parking_/vendor/laravel/framework/src/Illuminate/Container/BoundMethod.php(31): Illuminate\\Container\\BoundMethod::callBoundMethod(Object(Illuminate\\Foundation\\Application), Array, Object(Closure))
#11 /home/karim/GIt project/parking_/vendor/laravel/framework/src/Illuminate/Container/Container.php(572): Illuminate\\Container\\BoundMethod::call(Object(Illuminate\\Foundation\\Application), Array, Array, NULL)
#12 /home/karim/GIt project/parking_/vendor/laravel/framework/src/Illuminate/Console/Command.php(183): Illuminate\\Container\\Container->call(Array)
#13 /home/karim/GIt project/parking_/vendor/symfony/console/Command/Command.php(255): Illuminate\\Console\\Command->execute(Object(Symfony\\Component\\Console\\Input\\ArgvInput), Object(Illuminate\\Console\\OutputStyle))
#14 /home/karim/GIt project/parking_/vendor/laravel/framework/src/Illuminate/Console/Command.php(170): Symfony\\Component\\Console\\Command\\Command->run(Object(Symfony\\Component\\Console\\Input\\ArgvInput), Object(Illuminate\\Console\\OutputStyle))
#15 /home/karim/GIt project/parking_/vendor/symfony/console/Application.php(901): Illuminate\\Console\\Command->run(Object(Symfony\\Component\\Console\\Input\\ArgvInput), Object(Symfony\\Component\\Console\\Output\\ConsoleOutput))
#16 /home/karim/GIt project/parking_/vendor/symfony/console/Application.php(262): Symfony\\Component\\Console\\Application->doRunCommand(Object(Illuminate\\Database\\Console\\Migrations\\MigrateCommand), Object(Symfony\\Component\\Console\\Input\\ArgvInput), Object(Symfony\\Component\\Console\\Output\\ConsoleOutput))
#17 /home/karim/GIt project/parking_/vendor/symfony/console/Application.php(145): Symfony\\Component\\Console\\Application->doRun(Object(Symfony\\Component\\Console\\Input\\ArgvInput), Object(Symfony\\Component\\Console\\Output\\ConsoleOutput))
#18 /home/karim/GIt project/parking_/vendor/laravel/framework/src/Illuminate/Console/Application.php(89): Symfony\\Component\\Console\\Application->run(Object(Symfony\\Component\\Console\\Input\\ArgvInput), Object(Symfony\\Component\\Console\\Output\\ConsoleOutput))
#19 /home/karim/GIt project/parking_/vendor/laravel/framework/src/Illuminate/Foundation/Console/Kernel.php(122): Illuminate\\Console\\Application->run(Object(Symfony\\Component\\Console\\Input\\ArgvInput), Object(Symfony\\Component\\Console\\Output\\ConsoleOutput))
#20 /home/karim/GIt project/parking_/artisan(37): Illuminate\\Foundation\\Console\\Kernel->handle(Object(Symfony\\Component\\Console\\Input\\ArgvInput), Object(Symfony\\Component\\Console\\Output\\ConsoleOutput))
#21 {main}
"} 
[2019-02-18 10:21:55] local.ERROR: SQLSTATE[HY000] [1045] Access denied for user 'Karim1'@'localhost' (using password: YES) (SQL: select * from information_schema.tables where table_schema = PARKINGLARAVEL and table_name = migrations) {"exception":"[object] (Illuminate\\Database\\QueryException(code: 1045): SQLSTATE[HY000] [1045] Access denied for user 'Karim1'@'localhost' (using password: YES) (SQL: select * from information_schema.tables where table_schema = PARKINGLARAVEL and table_name = migrations) at /home/karim/GIt project/parking_/vendor/laravel/framework/src/Illuminate/Database/Connection.php:664, PDOException(code: 1045): SQLSTATE[HY000] [1045] Access denied for user 'Karim1'@'localhost' (using password: YES) at /home/karim/GIt project/parking_/vendor/laravel/framework/src/Illuminate/Database/Connectors/Connector.php:70)
[stacktrace]
#0 /home/karim/GIt project/parking_/vendor/laravel/framework/src/Illuminate/Database/Connection.php(624): Illuminate\\Database\\Connection->runQueryCallback('select * from i...', Array, Object(Closure))
#1 /home/karim/GIt project/parking_/vendor/laravel/framework/src/Illuminate/Database/Connection.php(333): Illuminate\\Database\\Connection->run('select * from i...', Array, Object(Closure))
#2 /home/karim/GIt project/parking_/vendor/laravel/framework/src/Illuminate/Database/Schema/MySqlBuilder.php(18): Illuminate\\Database\\Connection->select('select * from i...', Array)
#3 /home/karim/GIt project/parking_/vendor/laravel/framework/src/Illuminate/Database/Migrations/DatabaseMigrationRepository.php(169): Illuminate\\Database\\Schema\\MySqlBuilder->hasTable('migrations')
#4 /home/karim/GIt project/parking_/vendor/laravel/framework/src/Illuminate/Database/Migrations/Migrator.php(556): Illuminate\\Database\\Migrations\\DatabaseMigrationRepository->repositoryExists()
#5 /home/karim/GIt project/parking_/vendor/laravel/framework/src/Illuminate/Database/Console/Migrations/MigrateCommand.php(91): Illuminate\\Database\\Migrations\\Migrator->repositoryExists()
#6 /home/karim/GIt project/parking_/vendor/laravel/framework/src/Illuminate/Database/Console/Migrations/MigrateCommand.php(63): Illuminate\\Database\\Console\\Migrations\\MigrateCommand->prepareDatabase()
#7 [internal function]: Illuminate\\Database\\Console\\Migrations\\MigrateCommand->handle()
#8 /home/karim/GIt project/parking_/vendor/laravel/framework/src/Illuminate/Container/BoundMethod.php(29): call_user_func_array(Array, Array)
#9 /home/karim/GIt project/parking_/vendor/laravel/framework/src/Illuminate/Container/BoundMethod.php(87): Illuminate\\Container\\BoundMethod::Illuminate\\Container\\{closure}()
#10 /home/karim/GIt project/parking_/vendor/laravel/framework/src/Illuminate/Container/BoundMethod.php(31): Illuminate\\Container\\BoundMethod::callBoundMethod(Object(Illuminate\\Foundation\\Application), Array, Object(Closure))
#11 /home/karim/GIt project/parking_/vendor/laravel/framework/src/Illuminate/Container/Container.php(572): Illuminate\\Container\\BoundMethod::call(Object(Illuminate\\Foundation\\Application), Array, Array, NULL)
#12 /home/karim/GIt project/parking_/vendor/laravel/framework/src/Illuminate/Console/Command.php(183): Illuminate\\Container\\Container->call(Array)
#13 /home/karim/GIt project/parking_/vendor/symfony/console/Command/Command.php(255): Illuminate\\Console\\Command->execute(Object(Symfony\\Component\\Console\\Input\\ArgvInput), Object(Illuminate\\Console\\OutputStyle))
#14 /home/karim/GIt project/parking_/vendor/laravel/framework/src/Illuminate/Console/Command.php(170): Symfony\\Component\\Console\\Command\\Command->run(Object(Symfony\\Component\\Console\\Input\\ArgvInput), Object(Illuminate\\Console\\OutputStyle))
#15 /home/karim/GIt project/parking_/vendor/symfony/console/Application.php(901): Illuminate\\Console\\Command->run(Object(Symfony\\Component\\Console\\Input\\ArgvInput), Object(Symfony\\Component\\Console\\Output\\ConsoleOutput))
#16 /home/karim/GIt project/parking_/vendor/symfony/console/Application.php(262): Symfony\\Component\\Console\\Application->doRunCommand(Object(Illuminate\\Database\\Console\\Migrations\\MigrateCommand), Object(Symfony\\Component\\Console\\Input\\ArgvInput), Object(Symfony\\Component\\Console\\Output\\ConsoleOutput))
#17 /home/karim/GIt project/parking_/vendor/symfony/console/Application.php(145): Symfony\\Component\\Console\\Application->doRun(Object(Symfony\\Component\\Console\\Input\\ArgvInput), Object(Symfony\\Component\\Console\\Output\\ConsoleOutput))
#18 /home/karim/GIt project/parking_/vendor/laravel/framework/src/Illuminate/Console/Application.php(89): Symfony\\Component\\Console\\Application->run(Object(Symfony\\Component\\Console\\Input\\ArgvInput), Object(Symfony\\Component\\Console\\Output\\ConsoleOutput))
#19 /home/karim/GIt project/parking_/vendor/laravel/framework/src/Illuminate/Foundation/Console/Kernel.php(122): Illuminate\\Console\\Application->run(Object(Symfony\\Component\\Console\\Input\\ArgvInput), Object(Symfony\\Component\\Console\\Output\\ConsoleOutput))
#20 /home/karim/GIt project/parking_/artisan(37): Illuminate\\Foundation\\Console\\Kernel->handle(Object(Symfony\\Component\\Console\\Input\\ArgvInput), Object(Symfony\\Component\\Console\\Output\\ConsoleOutput))
#21 {main}
"} 
[2019-02-18 10:26:58] local.ERROR: SQLSTATE[HY000] [1045] Access denied for user 'Karim1'@'localhost' (using password: YES) (SQL: select * from information_schema.tables where table_schema = PARKINGLARAVEL and table_name = migrations) {"exception":"[object] (Illuminate\\Database\\QueryException(code: 1045): SQLSTATE[HY000] [1045] Access denied for user 'Karim1'@'localhost' (using password: YES) (SQL: select * from information_schema.tables where table_schema = PARKINGLARAVEL and table_name = migrations) at /home/karim/GIt project/parking_/vendor/laravel/framework/src/Illuminate/Database/Connection.php:664, PDOException(code: 1045): SQLSTATE[HY000] [1045] Access denied for user 'Karim1'@'localhost' (using password: YES) at /home/karim/GIt project/parking_/vendor/laravel/framework/src/Illuminate/Database/Connectors/Connector.php:70)
[stacktrace]
#0 /home/karim/GIt project/parking_/vendor/laravel/framework/src/Illuminate/Database/Connection.php(624): Illuminate\\Database\\Connection->runQueryCallback('select * from i...', Array, Object(Closure))
#1 /home/karim/GIt project/parking_/vendor/laravel/framework/src/Illuminate/Database/Connection.php(333): Illuminate\\Database\\Connection->run('select * from i...', Array, Object(Closure))
#2 /home/karim/GIt project/parking_/vendor/laravel/framework/src/Illuminate/Database/Schema/MySqlBuilder.php(18): Illuminate\\Database\\Connection->select('select * from i...', Array)
#3 /home/karim/GIt project/parking_/vendor/laravel/framework/src/Illuminate/Database/Migrations/DatabaseMigrationRepository.php(169): Illuminate\\Database\\Schema\\MySqlBuilder->hasTable('migrations')
#4 /home/karim/GIt project/parking_/vendor/laravel/framework/src/Illuminate/Database/Migrations/Migrator.php(556): Illuminate\\Database\\Migrations\\DatabaseMigrationRepository->repositoryExists()
#5 /home/karim/GIt project/parking_/vendor/laravel/framework/src/Illuminate/Database/Console/Migrations/MigrateCommand.php(91): Illuminate\\Database\\Migrations\\Migrator->repositoryExists()
#6 /home/karim/GIt project/parking_/vendor/laravel/framework/src/Illuminate/Database/Console/Migrations/MigrateCommand.php(63): Illuminate\\Database\\Console\\Migrations\\MigrateCommand->prepareDatabase()
#7 [internal function]: Illuminate\\Database\\Console\\Migrations\\MigrateCommand->handle()
#8 /home/karim/GIt project/parking_/vendor/laravel/framework/src/Illuminate/Container/BoundMethod.php(29): call_user_func_array(Array, Array)
#9 /home/karim/GIt project/parking_/vendor/laravel/framework/src/Illuminate/Container/BoundMethod.php(87): Illuminate\\Container\\BoundMethod::Illuminate\\Container\\{closure}()
#10 /home/karim/GIt project/parking_/vendor/laravel/framework/src/Illuminate/Container/BoundMethod.php(31): Illuminate\\Container\\BoundMethod::callBoundMethod(Object(Illuminate\\Foundation\\Application), Array, Object(Closure))
#11 /home/karim/GIt project/parking_/vendor/laravel/framework/src/Illuminate/Container/Container.php(572): Illuminate\\Container\\BoundMethod::call(Object(Illuminate\\Foundation\\Application), Array, Array, NULL)
#12 /home/karim/GIt project/parking_/vendor/laravel/framework/src/Illuminate/Console/Command.php(183): Illuminate\\Container\\Container->call(Array)
#13 /home/karim/GIt project/parking_/vendor/symfony/console/Command/Command.php(255): Illuminate\\Console\\Command->execute(Object(Symfony\\Component\\Console\\Input\\ArgvInput), Object(Illuminate\\Console\\OutputStyle))
#14 /home/karim/GIt project/parking_/vendor/laravel/framework/src/Illuminate/Console/Command.php(170): Symfony\\Component\\Console\\Command\\Command->run(Object(Symfony\\Component\\Console\\Input\\ArgvInput), Object(Illuminate\\Console\\OutputStyle))
#15 /home/karim/GIt project/parking_/vendor/symfony/console/Application.php(901): Illuminate\\Console\\Command->run(Object(Symfony\\Component\\Console\\Input\\ArgvInput), Object(Symfony\\Component\\Console\\Output\\ConsoleOutput))
#16 /home/karim/GIt project/parking_/vendor/symfony/console/Application.php(262): Symfony\\Component\\Console\\Application->doRunCommand(Object(Illuminate\\Database\\Console\\Migrations\\MigrateCommand), Object(Symfony\\Component\\Console\\Input\\ArgvInput), Object(Symfony\\Component\\Console\\Output\\ConsoleOutput))
#17 /home/karim/GIt project/parking_/vendor/symfony/console/Application.php(145): Symfony\\Component\\Console\\Application->doRun(Object(Symfony\\Component\\Console\\Input\\ArgvInput), Object(Symfony\\Component\\Console\\Output\\ConsoleOutput))
#18 /home/karim/GIt project/parking_/vendor/laravel/framework/src/Illuminate/Console/Application.php(89): Symfony\\Component\\Console\\Application->run(Object(Symfony\\Component\\Console\\Input\\ArgvInput), Object(Symfony\\Component\\Console\\Output\\ConsoleOutput))
#19 /home/karim/GIt project/parking_/vendor/laravel/framework/src/Illuminate/Foundation/Console/Kernel.php(122): Illuminate\\Console\\Application->run(Object(Symfony\\Component\\Console\\Input\\ArgvInput), Object(Symfony\\Component\\Console\\Output\\ConsoleOutput))
#20 /home/karim/GIt project/parking_/artisan(37): Illuminate\\Foundation\\Console\\Kernel->handle(Object(Symfony\\Component\\Console\\Input\\ArgvInput), Object(Symfony\\Component\\Console\\Output\\ConsoleOutput))
#21 {main}
"} 
[2019-02-18 10:30:55] local.ERROR: SQLSTATE[HY000] [1045] Access denied for user 'Karim1'@'localhost' (using password: YES) (SQL: select * from information_schema.tables where table_schema = PARKINGLARAVEL and table_name = migrations) {"exception":"[object] (Illuminate\\Database\\QueryException(code: 1045): SQLSTATE[HY000] [1045] Access denied for user 'Karim1'@'localhost' (using password: YES) (SQL: select * from information_schema.tables where table_schema = PARKINGLARAVEL and table_name = migrations) at /home/karim/GIt project/parking_/vendor/laravel/framework/src/Illuminate/Database/Connection.php:664, PDOException(code: 1045): SQLSTATE[HY000] [1045] Access denied for user 'Karim1'@'localhost' (using password: YES) at /home/karim/GIt project/parking_/vendor/laravel/framework/src/Illuminate/Database/Connectors/Connector.php:70)
[stacktrace]
#0 /home/karim/GIt project/parking_/vendor/laravel/framework/src/Illuminate/Database/Connection.php(624): Illuminate\\Database\\Connection->runQueryCallback('select * from i...', Array, Object(Closure))
#1 /home/karim/GIt project/parking_/vendor/laravel/framework/src/Illuminate/Database/Connection.php(333): Illuminate\\Database\\Connection->run('select * from i...', Array, Object(Closure))
#2 /home/karim/GIt project/parking_/vendor/laravel/framework/src/Illuminate/Database/Schema/MySqlBuilder.php(18): Illuminate\\Database\\Connection->select('select * from i...', Array)
#3 /home/karim/GIt project/parking_/vendor/laravel/framework/src/Illuminate/Database/Migrations/DatabaseMigrationRepository.php(169): Illuminate\\Database\\Schema\\MySqlBuilder->hasTable('migrations')
#4 /home/karim/GIt project/parking_/vendor/laravel/framework/src/Illuminate/Database/Migrations/Migrator.php(556): Illuminate\\Database\\Migrations\\DatabaseMigrationRepository->repositoryExists()
#5 /home/karim/GIt project/parking_/vendor/laravel/framework/src/Illuminate/Database/Console/Migrations/MigrateCommand.php(91): Illuminate\\Database\\Migrations\\Migrator->repositoryExists()
#6 /home/karim/GIt project/parking_/vendor/laravel/framework/src/Illuminate/Database/Console/Migrations/MigrateCommand.php(63): Illuminate\\Database\\Console\\Migrations\\MigrateCommand->prepareDatabase()
#7 [internal function]: Illuminate\\Database\\Console\\Migrations\\MigrateCommand->handle()
#8 /home/karim/GIt project/parking_/vendor/laravel/framework/src/Illuminate/Container/BoundMethod.php(29): call_user_func_array(Array, Array)
#9 /home/karim/GIt project/parking_/vendor/laravel/framework/src/Illuminate/Container/BoundMethod.php(87): Illuminate\\Container\\BoundMethod::Illuminate\\Container\\{closure}()
#10 /home/karim/GIt project/parking_/vendor/laravel/framework/src/Illuminate/Container/BoundMethod.php(31): Illuminate\\Container\\BoundMethod::callBoundMethod(Object(Illuminate\\Foundation\\Application), Array, Object(Closure))
#11 /home/karim/GIt project/parking_/vendor/laravel/framework/src/Illuminate/Container/Container.php(572): Illuminate\\Container\\BoundMethod::call(Object(Illuminate\\Foundation\\Application), Array, Array, NULL)
#12 /home/karim/GIt project/parking_/vendor/laravel/framework/src/Illuminate/Console/Command.php(183): Illuminate\\Container\\Container->call(Array)
#13 /home/karim/GIt project/parking_/vendor/symfony/console/Command/Command.php(255): Illuminate\\Console\\Command->execute(Object(Symfony\\Component\\Console\\Input\\ArgvInput), Object(Illuminate\\Console\\OutputStyle))
#14 /home/karim/GIt project/parking_/vendor/laravel/framework/src/Illuminate/Console/Command.php(170): Symfony\\Component\\Console\\Command\\Command->run(Object(Symfony\\Component\\Console\\Input\\ArgvInput), Object(Illuminate\\Console\\OutputStyle))
#15 /home/karim/GIt project/parking_/vendor/symfony/console/Application.php(901): Illuminate\\Console\\Command->run(Object(Symfony\\Component\\Console\\Input\\ArgvInput), Object(Symfony\\Component\\Console\\Output\\ConsoleOutput))
#16 /home/karim/GIt project/parking_/vendor/symfony/console/Application.php(262): Symfony\\Component\\Console\\Application->doRunCommand(Object(Illuminate\\Database\\Console\\Migrations\\MigrateCommand), Object(Symfony\\Component\\Console\\Input\\ArgvInput), Object(Symfony\\Component\\Console\\Output\\ConsoleOutput))
#17 /home/karim/GIt project/parking_/vendor/symfony/console/Application.php(145): Symfony\\Component\\Console\\Application->doRun(Object(Symfony\\Component\\Console\\Input\\ArgvInput), Object(Symfony\\Component\\Console\\Output\\ConsoleOutput))
#18 /home/karim/GIt project/parking_/vendor/laravel/framework/src/Illuminate/Console/Application.php(89): Symfony\\Component\\Console\\Application->run(Object(Symfony\\Component\\Console\\Input\\ArgvInput), Object(Symfony\\Component\\Console\\Output\\ConsoleOutput))
#19 /home/karim/GIt project/parking_/vendor/laravel/framework/src/Illuminate/Foundation/Console/Kernel.php(122): Illuminate\\Console\\Application->run(Object(Symfony\\Component\\Console\\Input\\ArgvInput), Object(Symfony\\Component\\Console\\Output\\ConsoleOutput))
#20 /home/karim/GIt project/parking_/artisan(37): Illuminate\\Foundation\\Console\\Kernel->handle(Object(Symfony\\Component\\Console\\Input\\ArgvInput), Object(Symfony\\Component\\Console\\Output\\ConsoleOutput))
#21 {main}
"} 
[2019-02-18 12:20:26] local.ERROR: SQLSTATE[HY000] [1045] Access denied for user 'Karim1'@'localhost' (using password: YES) (SQL: select * from information_schema.tables where table_schema = PARKINGLARAVEL and table_name = migrations) {"exception":"[object] (Illuminate\\Database\\QueryException(code: 1045): SQLSTATE[HY000] [1045] Access denied for user 'Karim1'@'localhost' (using password: YES) (SQL: select * from information_schema.tables where table_schema = PARKINGLARAVEL and table_name = migrations) at /home/karim/GIt project/parking_/vendor/laravel/framework/src/Illuminate/Database/Connection.php:664, PDOException(code: 1045): SQLSTATE[HY000] [1045] Access denied for user 'Karim1'@'localhost' (using password: YES) at /home/karim/GIt project/parking_/vendor/laravel/framework/src/Illuminate/Database/Connectors/Connector.php:70)
[stacktrace]
#0 /home/karim/GIt project/parking_/vendor/laravel/framework/src/Illuminate/Database/Connection.php(624): Illuminate\\Database\\Connection->runQueryCallback('select * from i...', Array, Object(Closure))
#1 /home/karim/GIt project/parking_/vendor/laravel/framework/src/Illuminate/Database/Connection.php(333): Illuminate\\Database\\Connection->run('select * from i...', Array, Object(Closure))
#2 /home/karim/GIt project/parking_/vendor/laravel/framework/src/Illuminate/Database/Schema/MySqlBuilder.php(18): Illuminate\\Database\\Connection->select('select * from i...', Array)
#3 /home/karim/GIt project/parking_/vendor/laravel/framework/src/Illuminate/Database/Migrations/DatabaseMigrationRepository.php(169): Illuminate\\Database\\Schema\\MySqlBuilder->hasTable('migrations')
#4 /home/karim/GIt project/parking_/vendor/laravel/framework/src/Illuminate/Database/Migrations/Migrator.php(556): Illuminate\\Database\\Migrations\\DatabaseMigrationRepository->repositoryExists()
#5 /home/karim/GIt project/parking_/vendor/laravel/framework/src/Illuminate/Database/Console/Migrations/MigrateCommand.php(91): Illuminate\\Database\\Migrations\\Migrator->repositoryExists()
#6 /home/karim/GIt project/parking_/vendor/laravel/framework/src/Illuminate/Database/Console/Migrations/MigrateCommand.php(63): Illuminate\\Database\\Console\\Migrations\\MigrateCommand->prepareDatabase()
#7 [internal function]: Illuminate\\Database\\Console\\Migrations\\MigrateCommand->handle()
#8 /home/karim/GIt project/parking_/vendor/laravel/framework/src/Illuminate/Container/BoundMethod.php(29): call_user_func_array(Array, Array)
#9 /home/karim/GIt project/parking_/vendor/laravel/framework/src/Illuminate/Container/BoundMethod.php(87): Illuminate\\Container\\BoundMethod::Illuminate\\Container\\{closure}()
#10 /home/karim/GIt project/parking_/vendor/laravel/framework/src/Illuminate/Container/BoundMethod.php(31): Illuminate\\Container\\BoundMethod::callBoundMethod(Object(Illuminate\\Foundation\\Application), Array, Object(Closure))
#11 /home/karim/GIt project/parking_/vendor/laravel/framework/src/Illuminate/Container/Container.php(572): Illuminate\\Container\\BoundMethod::call(Object(Illuminate\\Foundation\\Application), Array, Array, NULL)
#12 /home/karim/GIt project/parking_/vendor/laravel/framework/src/Illuminate/Console/Command.php(183): Illuminate\\Container\\Container->call(Array)
#13 /home/karim/GIt project/parking_/vendor/symfony/console/Command/Command.php(255): Illuminate\\Console\\Command->execute(Object(Symfony\\Component\\Console\\Input\\ArgvInput), Object(Illuminate\\Console\\OutputStyle))
#14 /home/karim/GIt project/parking_/vendor/laravel/framework/src/Illuminate/Console/Command.php(170): Symfony\\Component\\Console\\Command\\Command->run(Object(Symfony\\Component\\Console\\Input\\ArgvInput), Object(Illuminate\\Console\\OutputStyle))
#15 /home/karim/GIt project/parking_/vendor/symfony/console/Application.php(901): Illuminate\\Console\\Command->run(Object(Symfony\\Component\\Console\\Input\\ArgvInput), Object(Symfony\\Component\\Console\\Output\\ConsoleOutput))
#16 /home/karim/GIt project/parking_/vendor/symfony/console/Application.php(262): Symfony\\Component\\Console\\Application->doRunCommand(Object(Illuminate\\Database\\Console\\Migrations\\MigrateCommand), Object(Symfony\\Component\\Console\\Input\\ArgvInput), Object(Symfony\\Component\\Console\\Output\\ConsoleOutput))
#17 /home/karim/GIt project/parking_/vendor/symfony/console/Application.php(145): Symfony\\Component\\Console\\Application->doRun(Object(Symfony\\Component\\Console\\Input\\ArgvInput), Object(Symfony\\Component\\Console\\Output\\ConsoleOutput))
#18 /home/karim/GIt project/parking_/vendor/laravel/framework/src/Illuminate/Console/Application.php(89): Symfony\\Component\\Console\\Application->run(Object(Symfony\\Component\\Console\\Input\\ArgvInput), Object(Symfony\\Component\\Console\\Output\\ConsoleOutput))
#19 /home/karim/GIt project/parking_/vendor/laravel/framework/src/Illuminate/Foundation/Console/Kernel.php(122): Illuminate\\Console\\Application->run(Object(Symfony\\Component\\Console\\Input\\ArgvInput), Object(Symfony\\Component\\Console\\Output\\ConsoleOutput))
#20 /home/karim/GIt project/parking_/artisan(37): Illuminate\\Foundation\\Console\\Kernel->handle(Object(Symfony\\Component\\Console\\Input\\ArgvInput), Object(Symfony\\Component\\Console\\Output\\ConsoleOutput))
#21 {main}
"} 
[2019-02-18 12:25:21] local.ERROR: SQLSTATE[HY000] [1045] Access denied for user 'sudo'@'localhost' (using password: YES) (SQL: select * from information_schema.tables where table_schema = PARKINGLARAVEL and table_name = migrations) {"exception":"[object] (Illuminate\\Database\\QueryException(code: 1045): SQLSTATE[HY000] [1045] Access denied for user 'sudo'@'localhost' (using password: YES) (SQL: select * from information_schema.tables where table_schema = PARKINGLARAVEL and table_name = migrations) at /home/karim/GIt project/parking_/vendor/laravel/framework/src/Illuminate/Database/Connection.php:664, PDOException(code: 1045): SQLSTATE[HY000] [1045] Access denied for user 'sudo'@'localhost' (using password: YES) at /home/karim/GIt project/parking_/vendor/laravel/framework/src/Illuminate/Database/Connectors/Connector.php:70)
[stacktrace]
#0 /home/karim/GIt project/parking_/vendor/laravel/framework/src/Illuminate/Database/Connection.php(624): Illuminate\\Database\\Connection->runQueryCallback('select * from i...', Array, Object(Closure))
#1 /home/karim/GIt project/parking_/vendor/laravel/framework/src/Illuminate/Database/Connection.php(333): Illuminate\\Database\\Connection->run('select * from i...', Array, Object(Closure))
#2 /home/karim/GIt project/parking_/vendor/laravel/framework/src/Illuminate/Database/Schema/MySqlBuilder.php(18): Illuminate\\Database\\Connection->select('select * from i...', Array)
#3 /home/karim/GIt project/parking_/vendor/laravel/framework/src/Illuminate/Database/Migrations/DatabaseMigrationRepository.php(169): Illuminate\\Database\\Schema\\MySqlBuilder->hasTable('migrations')
#4 /home/karim/GIt project/parking_/vendor/laravel/framework/src/Illuminate/Database/Migrations/Migrator.php(556): Illuminate\\Database\\Migrations\\DatabaseMigrationRepository->repositoryExists()
#5 /home/karim/GIt project/parking_/vendor/laravel/framework/src/Illuminate/Database/Console/Migrations/MigrateCommand.php(91): Illuminate\\Database\\Migrations\\Migrator->repositoryExists()
#6 /home/karim/GIt project/parking_/vendor/laravel/framework/src/Illuminate/Database/Console/Migrations/MigrateCommand.php(63): Illuminate\\Database\\Console\\Migrations\\MigrateCommand->prepareDatabase()
#7 [internal function]: Illuminate\\Database\\Console\\Migrations\\MigrateCommand->handle()
#8 /home/karim/GIt project/parking_/vendor/laravel/framework/src/Illuminate/Container/BoundMethod.php(29): call_user_func_array(Array, Array)
#9 /home/karim/GIt project/parking_/vendor/laravel/framework/src/Illuminate/Container/BoundMethod.php(87): Illuminate\\Container\\BoundMethod::Illuminate\\Container\\{closure}()
#10 /home/karim/GIt project/parking_/vendor/laravel/framework/src/Illuminate/Container/BoundMethod.php(31): Illuminate\\Container\\BoundMethod::callBoundMethod(Object(Illuminate\\Foundation\\Application), Array, Object(Closure))
#11 /home/karim/GIt project/parking_/vendor/laravel/framework/src/Illuminate/Container/Container.php(572): Illuminate\\Container\\BoundMethod::call(Object(Illuminate\\Foundation\\Application), Array, Array, NULL)
#12 /home/karim/GIt project/parking_/vendor/laravel/framework/src/Illuminate/Console/Command.php(183): Illuminate\\Container\\Container->call(Array)
#13 /home/karim/GIt project/parking_/vendor/symfony/console/Command/Command.php(255): Illuminate\\Console\\Command->execute(Object(Symfony\\Component\\Console\\Input\\ArgvInput), Object(Illuminate\\Console\\OutputStyle))
#14 /home/karim/GIt project/parking_/vendor/laravel/framework/src/Illuminate/Console/Command.php(170): Symfony\\Component\\Console\\Command\\Command->run(Object(Symfony\\Component\\Console\\Input\\ArgvInput), Object(Illuminate\\Console\\OutputStyle))
#15 /home/karim/GIt project/parking_/vendor/symfony/console/Application.php(901): Illuminate\\Console\\Command->run(Object(Symfony\\Component\\Console\\Input\\ArgvInput), Object(Symfony\\Component\\Console\\Output\\ConsoleOutput))
#16 /home/karim/GIt project/parking_/vendor/symfony/console/Application.php(262): Symfony\\Component\\Console\\Application->doRunCommand(Object(Illuminate\\Database\\Console\\Migrations\\MigrateCommand), Object(Symfony\\Component\\Console\\Input\\ArgvInput), Object(Symfony\\Component\\Console\\Output\\ConsoleOutput))
#17 /home/karim/GIt project/parking_/vendor/symfony/console/Application.php(145): Symfony\\Component\\Console\\Application->doRun(Object(Symfony\\Component\\Console\\Input\\ArgvInput), Object(Symfony\\Component\\Console\\Output\\ConsoleOutput))
#18 /home/karim/GIt project/parking_/vendor/laravel/framework/src/Illuminate/Console/Application.php(89): Symfony\\Component\\Console\\Application->run(Object(Symfony\\Component\\Console\\Input\\ArgvInput), Object(Symfony\\Component\\Console\\Output\\ConsoleOutput))
#19 /home/karim/GIt project/parking_/vendor/laravel/framework/src/Illuminate/Foundation/Console/Kernel.php(122): Illuminate\\Console\\Application->run(Object(Symfony\\Component\\Console\\Input\\ArgvInput), Object(Symfony\\Component\\Console\\Output\\ConsoleOutput))
#20 /home/karim/GIt project/parking_/artisan(37): Illuminate\\Foundation\\Console\\Kernel->handle(Object(Symfony\\Component\\Console\\Input\\ArgvInput), Object(Symfony\\Component\\Console\\Output\\ConsoleOutput))
#21 {main}
"} 
[2019-02-18 12:27:35] local.ERROR: Cannot declare class CreatePlacesTable, because the name is already in use {"exception":"[object] (Symfony\\Component\\Debug\\Exception\\FatalErrorException(code: 64): Cannot declare class CreatePlacesTable, because the name is already in use at /home/karim/GIt project/parking_/database/migrations/2019_02_18_103030_create_places_table.php:31)
[stacktrace]
#0 {main}
"} 
[2019-02-18 12:55:05] local.ERROR: SQLSTATE[HY000] [1044] Access denied for user 'karim'@'localhost' to database 'PARKINGLARAVEL' (SQL: select * from information_schema.tables where table_schema = PARKINGLARAVEL and table_name = migrations) {"exception":"[object] (Illuminate\\Database\\QueryException(code: 1044): SQLSTATE[HY000] [1044] Access denied for user 'karim'@'localhost' to database 'PARKINGLARAVEL' (SQL: select * from information_schema.tables where table_schema = PARKINGLARAVEL and table_name = migrations) at /home/karim/GIt project/parking_/vendor/laravel/framework/src/Illuminate/Database/Connection.php:664, PDOException(code: 1044): SQLSTATE[HY000] [1044] Access denied for user 'karim'@'localhost' to database 'PARKINGLARAVEL' at /home/karim/GIt project/parking_/vendor/laravel/framework/src/Illuminate/Database/Connectors/Connector.php:70)
[stacktrace]
#0 /home/karim/GIt project/parking_/vendor/laravel/framework/src/Illuminate/Database/Connection.php(624): Illuminate\\Database\\Connection->runQueryCallback('select * from i...', Array, Object(Closure))
#1 /home/karim/GIt project/parking_/vendor/laravel/framework/src/Illuminate/Database/Connection.php(333): Illuminate\\Database\\Connection->run('select * from i...', Array, Object(Closure))
#2 /home/karim/GIt project/parking_/vendor/laravel/framework/src/Illuminate/Database/Schema/MySqlBuilder.php(18): Illuminate\\Database\\Connection->select('select * from i...', Array)
#3 /home/karim/GIt project/parking_/vendor/laravel/framework/src/Illuminate/Database/Migrations/DatabaseMigrationRepository.php(169): Illuminate\\Database\\Schema\\MySqlBuilder->hasTable('migrations')
#4 /home/karim/GIt project/parking_/vendor/laravel/framework/src/Illuminate/Database/Migrations/Migrator.php(556): Illuminate\\Database\\Migrations\\DatabaseMigrationRepository->repositoryExists()
#5 /home/karim/GIt project/parking_/vendor/laravel/framework/src/Illuminate/Database/Console/Migrations/MigrateCommand.php(91): Illuminate\\Database\\Migrations\\Migrator->repositoryExists()
#6 /home/karim/GIt project/parking_/vendor/laravel/framework/src/Illuminate/Database/Console/Migrations/MigrateCommand.php(63): Illuminate\\Database\\Console\\Migrations\\MigrateCommand->prepareDatabase()
#7 [internal function]: Illuminate\\Database\\Console\\Migrations\\MigrateCommand->handle()
#8 /home/karim/GIt project/parking_/vendor/laravel/framework/src/Illuminate/Container/BoundMethod.php(29): call_user_func_array(Array, Array)
#9 /home/karim/GIt project/parking_/vendor/laravel/framework/src/Illuminate/Container/BoundMethod.php(87): Illuminate\\Container\\BoundMethod::Illuminate\\Container\\{closure}()
#10 /home/karim/GIt project/parking_/vendor/laravel/framework/src/Illuminate/Container/BoundMethod.php(31): Illuminate\\Container\\BoundMethod::callBoundMethod(Object(Illuminate\\Foundation\\Application), Array, Object(Closure))
#11 /home/karim/GIt project/parking_/vendor/laravel/framework/src/Illuminate/Container/Container.php(572): Illuminate\\Container\\BoundMethod::call(Object(Illuminate\\Foundation\\Application), Array, Array, NULL)
#12 /home/karim/GIt project/parking_/vendor/laravel/framework/src/Illuminate/Console/Command.php(183): Illuminate\\Container\\Container->call(Array)
#13 /home/karim/GIt project/parking_/vendor/symfony/console/Command/Command.php(255): Illuminate\\Console\\Command->execute(Object(Symfony\\Component\\Console\\Input\\ArgvInput), Object(Illuminate\\Console\\OutputStyle))
#14 /home/karim/GIt project/parking_/vendor/laravel/framework/src/Illuminate/Console/Command.php(170): Symfony\\Component\\Console\\Command\\Command->run(Object(Symfony\\Component\\Console\\Input\\ArgvInput), Object(Illuminate\\Console\\OutputStyle))
#15 /home/karim/GIt project/parking_/vendor/symfony/console/Application.php(901): Illuminate\\Console\\Command->run(Object(Symfony\\Component\\Console\\Input\\ArgvInput), Object(Symfony\\Component\\Console\\Output\\ConsoleOutput))
#16 /home/karim/GIt project/parking_/vendor/symfony/console/Application.php(262): Symfony\\Component\\Console\\Application->doRunCommand(Object(Illuminate\\Database\\Console\\Migrations\\MigrateCommand), Object(Symfony\\Component\\Console\\Input\\ArgvInput), Object(Symfony\\Component\\Console\\Output\\ConsoleOutput))
#17 /home/karim/GIt project/parking_/vendor/symfony/console/Application.php(145): Symfony\\Component\\Console\\Application->doRun(Object(Symfony\\Component\\Console\\Input\\ArgvInput), Object(Symfony\\Component\\Console\\Output\\ConsoleOutput))
#18 /home/karim/GIt project/parking_/vendor/laravel/framework/src/Illuminate/Console/Application.php(89): Symfony\\Component\\Console\\Application->run(Object(Symfony\\Component\\Console\\Input\\ArgvInput), Object(Symfony\\Component\\Console\\Output\\ConsoleOutput))
#19 /home/karim/GIt project/parking_/vendor/laravel/framework/src/Illuminate/Foundation/Console/Kernel.php(122): Illuminate\\Console\\Application->run(Object(Symfony\\Component\\Console\\Input\\ArgvInput), Object(Symfony\\Component\\Console\\Output\\ConsoleOutput))
#20 /home/karim/GIt project/parking_/artisan(37): Illuminate\\Foundation\\Console\\Kernel->handle(Object(Symfony\\Component\\Console\\Input\\ArgvInput), Object(Symfony\\Component\\Console\\Output\\ConsoleOutput))
#21 {main}
"} 
[2019-02-18 13:00:39] local.ERROR: Cannot declare class CreatePlacesTable, because the name is already in use {"exception":"[object] (Symfony\\Component\\Debug\\Exception\\FatalErrorException(code: 64): Cannot declare class CreatePlacesTable, because the name is already in use at /home/karim/GIt project/parking_/database/migrations/2019_02_18_103030_create_places_table.php:31)
[stacktrace]
#0 {main}
"} 
[2019-02-18 13:47:14] local.ERROR: SQLSTATE[42000]: Syntax error or access violation: 1064 You have an error in your SQL syntax; check the manual that corresponds to your MySQL server version for the right syntax to use near 'created_at) null, `updated_at` timestamp(created_at) null) default character set' at line 1 (SQL: create table `places` (`id` int unsigned not null auto_increment primary key, `dispo` tinyint(1) not null, `created_at` timestamp(created_at) null, `updated_at` timestamp(created_at) null) default character set utf8mb4 collate 'utf8mb4_unicode_ci') {"exception":"[object] (Illuminate\\Database\\QueryException(code: 42000): SQLSTATE[42000]: Syntax error or access violation: 1064 You have an error in your SQL syntax; check the manual that corresponds to your MySQL server version for the right syntax to use near 'created_at) null, `updated_at` timestamp(created_at) null) default character set' at line 1 (SQL: create table `places` (`id` int unsigned not null auto_increment primary key, `dispo` tinyint(1) not null, `created_at` timestamp(created_at) null, `updated_at` timestamp(created_at) null) default character set utf8mb4 collate 'utf8mb4_unicode_ci') at /home/karim/GIt project/parking_/vendor/laravel/framework/src/Illuminate/Database/Connection.php:664, PDOException(code: 42000): SQLSTATE[42000]: Syntax error or access violation: 1064 You have an error in your SQL syntax; check the manual that corresponds to your MySQL server version for the right syntax to use near 'created_at) null, `updated_at` timestamp(created_at) null) default character set' at line 1 at /home/karim/GIt project/parking_/vendor/laravel/framework/src/Illuminate/Database/Connection.php:452)
[stacktrace]
#0 /home/karim/GIt project/parking_/vendor/laravel/framework/src/Illuminate/Database/Connection.php(624): Illuminate\\Database\\Connection->runQueryCallback('create table `p...', Array, Object(Closure))
#1 /home/karim/GIt project/parking_/vendor/laravel/framework/src/Illuminate/Database/Connection.php(459): Illuminate\\Database\\Connection->run('create table `p...', Array, Object(Closure))
#2 /home/karim/GIt project/parking_/vendor/laravel/framework/src/Illuminate/Database/Schema/Blueprint.php(97): Illuminate\\Database\\Connection->statement('create table `p...')
#3 /home/karim/GIt project/parking_/vendor/laravel/framework/src/Illuminate/Database/Schema/Builder.php(264): Illuminate\\Database\\Schema\\Blueprint->build(Object(Illuminate\\Database\\MySqlConnection), Object(Illuminate\\Database\\Schema\\Grammars\\MySqlGrammar))
#4 /home/karim/GIt project/parking_/vendor/laravel/framework/src/Illuminate/Database/Schema/Builder.php(165): Illuminate\\Database\\Schema\\Builder->build(Object(Illuminate\\Database\\Schema\\Blueprint))
#5 /home/karim/GIt project/parking_/vendor/laravel/framework/src/Illuminate/Support/Facades/Facade.php(237): Illuminate\\Database\\Schema\\Builder->create('places', Object(Closure))
#6 /home/karim/GIt project/parking_/database/migrations/2019_02_18_103030_create_places_table.php(20): Illuminate\\Support\\Facades\\Facade::__callStatic('create', Array)
#7 /home/karim/GIt project/parking_/vendor/laravel/framework/src/Illuminate/Database/Migrations/Migrator.php(360): CreatePlacesTable->up()
#8 /home/karim/GIt project/parking_/vendor/laravel/framework/src/Illuminate/Database/Migrations/Migrator.php(367): Illuminate\\Database\\Migrations\\Migrator->Illuminate\\Database\\Migrations\\{closure}()
#9 /home/karim/GIt project/parking_/vendor/laravel/framework/src/Illuminate/Database/Migrations/Migrator.php(178): Illuminate\\Database\\Migrations\\Migrator->runMigration(Object(CreatePlacesTable), 'up')
#10 /home/karim/GIt project/parking_/vendor/laravel/framework/src/Illuminate/Database/Migrations/Migrator.php(147): Illuminate\\Database\\Migrations\\Migrator->runUp('/home/karim/GIt...', 1, false)
#11 /home/karim/GIt project/parking_/vendor/laravel/framework/src/Illuminate/Database/Migrations/Migrator.php(96): Illuminate\\Database\\Migrations\\Migrator->runPending(Array, Array)
#12 /home/karim/GIt project/parking_/vendor/laravel/framework/src/Illuminate/Database/Console/Migrations/MigrateCommand.php(71): Illuminate\\Database\\Migrations\\Migrator->run(Array, Array)
#13 [internal function]: Illuminate\\Database\\Console\\Migrations\\MigrateCommand->handle()
#14 /home/karim/GIt project/parking_/vendor/laravel/framework/src/Illuminate/Container/BoundMethod.php(29): call_user_func_array(Array, Array)
#15 /home/karim/GIt project/parking_/vendor/laravel/framework/src/Illuminate/Container/BoundMethod.php(87): Illuminate\\Container\\BoundMethod::Illuminate\\Container\\{closure}()
#16 /home/karim/GIt project/parking_/vendor/laravel/framework/src/Illuminate/Container/BoundMethod.php(31): Illuminate\\Container\\BoundMethod::callBoundMethod(Object(Illuminate\\Foundation\\Application), Array, Object(Closure))
#17 /home/karim/GIt project/parking_/vendor/laravel/framework/src/Illuminate/Container/Container.php(572): Illuminate\\Container\\BoundMethod::call(Object(Illuminate\\Foundation\\Application), Array, Array, NULL)
#18 /home/karim/GIt project/parking_/vendor/laravel/framework/src/Illuminate/Console/Command.php(183): Illuminate\\Container\\Container->call(Array)
#19 /home/karim/GIt project/parking_/vendor/symfony/console/Command/Command.php(255): Illuminate\\Console\\Command->execute(Object(Symfony\\Component\\Console\\Input\\ArrayInput), Object(Illuminate\\Console\\OutputStyle))
#20 /home/karim/GIt project/parking_/vendor/laravel/framework/src/Illuminate/Console/Command.php(170): Symfony\\Component\\Console\\Command\\Command->run(Object(Symfony\\Component\\Console\\Input\\ArrayInput), Object(Illuminate\\Console\\OutputStyle))
#21 /home/karim/GIt project/parking_/vendor/laravel/framework/src/Illuminate/Console/Command.php(198): Illuminate\\Console\\Command->run(Object(Symfony\\Component\\Console\\Input\\ArrayInput), Object(Illuminate\\Console\\OutputStyle))
#22 /home/karim/GIt project/parking_/vendor/laravel/framework/src/Illuminate/Database/Console/Migrations/RefreshCommand.php(60): Illuminate\\Console\\Command->call('migrate', Array)
#23 [internal function]: Illuminate\\Database\\Console\\Migrations\\RefreshCommand->handle()
#24 /home/karim/GIt project/parking_/vendor/laravel/framework/src/Illuminate/Container/BoundMethod.php(29): call_user_func_array(Array, Array)
#25 /home/karim/GIt project/parking_/vendor/laravel/framework/src/Illuminate/Container/BoundMethod.php(87): Illuminate\\Container\\BoundMethod::Illuminate\\Container\\{closure}()
#26 /home/karim/GIt project/parking_/vendor/laravel/framework/src/Illuminate/Container/BoundMethod.php(31): Illuminate\\Container\\BoundMethod::callBoundMethod(Object(Illuminate\\Foundation\\Application), Array, Object(Closure))
#27 /home/karim/GIt project/parking_/vendor/laravel/framework/src/Illuminate/Container/Container.php(572): Illuminate\\Container\\BoundMethod::call(Object(Illuminate\\Foundation\\Application), Array, Array, NULL)
#28 /home/karim/GIt project/parking_/vendor/laravel/framework/src/Illuminate/Console/Command.php(183): Illuminate\\Container\\Container->call(Array)
#29 /home/karim/GIt project/parking_/vendor/symfony/console/Command/Command.php(255): Illuminate\\Console\\Command->execute(Object(Symfony\\Component\\Console\\Input\\ArgvInput), Object(Illuminate\\Console\\OutputStyle))
#30 /home/karim/GIt project/parking_/vendor/laravel/framework/src/Illuminate/Console/Command.php(170): Symfony\\Component\\Console\\Command\\Command->run(Object(Symfony\\Component\\Console\\Input\\ArgvInput), Object(Illuminate\\Console\\OutputStyle))
#31 /home/karim/GIt project/parking_/vendor/symfony/console/Application.php(901): Illuminate\\Console\\Command->run(Object(Symfony\\Component\\Console\\Input\\ArgvInput), Object(Symfony\\Component\\Console\\Output\\ConsoleOutput))
#32 /home/karim/GIt project/parking_/vendor/symfony/console/Application.php(262): Symfony\\Component\\Console\\Application->doRunCommand(Object(Illuminate\\Database\\Console\\Migrations\\RefreshCommand), Object(Symfony\\Component\\Console\\Input\\ArgvInput), Object(Symfony\\Component\\Console\\Output\\ConsoleOutput))
#33 /home/karim/GIt project/parking_/vendor/symfony/console/Application.php(145): Symfony\\Component\\Console\\Application->doRun(Object(Symfony\\Component\\Console\\Input\\ArgvInput), Object(Symfony\\Component\\Console\\Output\\ConsoleOutput))
#34 /home/karim/GIt project/parking_/vendor/laravel/framework/src/Illuminate/Console/Application.php(89): Symfony\\Component\\Console\\Application->run(Object(Symfony\\Component\\Console\\Input\\ArgvInput), Object(Symfony\\Component\\Console\\Output\\ConsoleOutput))
#35 /home/karim/GIt project/parking_/vendor/laravel/framework/src/Illuminate/Foundation/Console/Kernel.php(122): Illuminate\\Console\\Application->run(Object(Symfony\\Component\\Console\\Input\\ArgvInput), Object(Symfony\\Component\\Console\\Output\\ConsoleOutput))
#36 /home/karim/GIt project/parking_/artisan(37): Illuminate\\Foundation\\Console\\Kernel->handle(Object(Symfony\\Component\\Console\\Input\\ArgvInput), Object(Symfony\\Component\\Console\\Output\\ConsoleOutput))
#37 {main}
"} 
[2019-02-18 15:43:58] local.ERROR: SQLSTATE[42S22]: Column not found: 1054 Unknown column 'first_name' in 'field list' (SQL: insert into `users` (`name`, `first_name`, `email`, `password`, `adress`, `zip_code`, `city`, `phone`, `rigth`, `updated_at`, `created_at`) values (belmajdoub, karim, belmajkarim29@gmail.com, $2y$10$IrPgKPEvL8KcVRkZQ4.J7esfvbjoPmp4a3HkaThccmr6uYfaupoGC, 80 avenoihcihcj, 93300, aubervilliers, 0689848687, membre, 2019-02-18 15:43:58, 2019-02-18 15:43:58)) {"exception":"[object] (Illuminate\\Database\\QueryException(code: 42S22): SQLSTATE[42S22]: Column not found: 1054 Unknown column 'first_name' in 'field list' (SQL: insert into `users` (`name`, `first_name`, `email`, `password`, `adress`, `zip_code`, `city`, `phone`, `rigth`, `updated_at`, `created_at`) values (belmajdoub, karim, belmajkarim29@gmail.com, $2y$10$IrPgKPEvL8KcVRkZQ4.J7esfvbjoPmp4a3HkaThccmr6uYfaupoGC, 80 avenoihcihcj, 93300, aubervilliers, 0689848687, membre, 2019-02-18 15:43:58, 2019-02-18 15:43:58)) at /home/karim/GIt project/parking_/vendor/laravel/framework/src/Illuminate/Database/Connection.php:664, PDOException(code: 42S22): SQLSTATE[42S22]: Column not found: 1054 Unknown column 'first_name' in 'field list' at /home/karim/GIt project/parking_/vendor/laravel/framework/src/Illuminate/Database/Connection.php:452)
[stacktrace]
#0 /home/karim/GIt project/parking_/vendor/laravel/framework/src/Illuminate/Database/Connection.php(624): Illuminate\\Database\\Connection->runQueryCallback('insert into `us...', Array, Object(Closure))
#1 /home/karim/GIt project/parking_/vendor/laravel/framework/src/Illuminate/Database/Connection.php(459): Illuminate\\Database\\Connection->run('insert into `us...', Array, Object(Closure))
#2 /home/karim/GIt project/parking_/vendor/laravel/framework/src/Illuminate/Database/Connection.php(411): Illuminate\\Database\\Connection->statement('insert into `us...', Array)
#3 /home/karim/GIt project/parking_/vendor/laravel/framework/src/Illuminate/Database/Query/Processors/Processor.php(32): Illuminate\\Database\\Connection->insert('insert into `us...', Array)
#4 /home/karim/GIt project/parking_/vendor/laravel/framework/src/Illuminate/Database/Query/Builder.php(2628): Illuminate\\Database\\Query\\Processors\\Processor->processInsertGetId(Object(Illuminate\\Database\\Query\\Builder), 'insert into `us...', Array, 'id')
#5 /home/karim/GIt project/parking_/vendor/laravel/framework/src/Illuminate/Database/Eloquent/Builder.php(1338): Illuminate\\Database\\Query\\Builder->insertGetId(Array, 'id')
#6 /home/karim/GIt project/parking_/vendor/laravel/framework/src/Illuminate/Database/Eloquent/Model.php(823): Illuminate\\Database\\Eloquent\\Builder->__call('insertGetId', Array)
#7 /home/karim/GIt project/parking_/vendor/laravel/framework/src/Illuminate/Database/Eloquent/Model.php(788): Illuminate\\Database\\Eloquent\\Model->insertAndSetId(Object(Illuminate\\Database\\Eloquent\\Builder), Array)
#8 /home/karim/GIt project/parking_/vendor/laravel/framework/src/Illuminate/Database/Eloquent/Model.php(651): Illuminate\\Database\\Eloquent\\Model->performInsert(Object(Illuminate\\Database\\Eloquent\\Builder))
#9 /home/karim/GIt project/parking_/vendor/laravel/framework/src/Illuminate/Database/Eloquent/Builder.php(793): Illuminate\\Database\\Eloquent\\Model->save()
#10 /home/karim/GIt project/parking_/vendor/laravel/framework/src/Illuminate/Support/helpers.php(1027): Illuminate\\Database\\Eloquent\\Builder->Illuminate\\Database\\Eloquent\\{closure}(Object(App\\User))
#11 /home/karim/GIt project/parking_/vendor/laravel/framework/src/Illuminate/Database/Eloquent/Builder.php(794): tap(Object(App\\User), Object(Closure))
#12 /home/karim/GIt project/parking_/vendor/laravel/framework/src/Illuminate/Support/Traits/ForwardsCalls.php(23): Illuminate\\Database\\Eloquent\\Builder->create(Array)
#13 /home/karim/GIt project/parking_/vendor/laravel/framework/src/Illuminate/Database/Eloquent/Model.php(1610): Illuminate\\Database\\Eloquent\\Model->forwardCallTo(Object(Illuminate\\Database\\Eloquent\\Builder), 'create', Array)
#14 /home/karim/GIt project/parking_/vendor/laravel/framework/src/Illuminate/Database/Eloquent/Model.php(1622): Illuminate\\Database\\Eloquent\\Model->__call('create', Array)
#15 /home/karim/GIt project/parking_/app/Http/Controllers/Auth/RegisterController.php(80): Illuminate\\Database\\Eloquent\\Model::__callStatic('create', Array)
#16 /home/karim/GIt project/parking_/vendor/laravel/framework/src/Illuminate/Foundation/Auth/RegistersUsers.php(33): App\\Http\\Controllers\\Auth\\RegisterController->create(Array)
#17 [internal function]: App\\Http\\Controllers\\Auth\\RegisterController->register(Object(Illuminate\\Http\\Request))
#18 /home/karim/GIt project/parking_/vendor/laravel/framework/src/Illuminate/Routing/Controller.php(54): call_user_func_array(Array, Array)
#19 /home/karim/GIt project/parking_/vendor/laravel/framework/src/Illuminate/Routing/ControllerDispatcher.php(45): Illuminate\\Routing\\Controller->callAction('register', Array)
#20 /home/karim/GIt project/parking_/vendor/laravel/framework/src/Illuminate/Routing/Route.php(219): Illuminate\\Routing\\ControllerDispatcher->dispatch(Object(Illuminate\\Routing\\Route), Object(App\\Http\\Controllers\\Auth\\RegisterController), 'register')
#21 /home/karim/GIt project/parking_/vendor/laravel/framework/src/Illuminate/Routing/Route.php(176): Illuminate\\Routing\\Route->runController()
#22 /home/karim/GIt project/parking_/vendor/laravel/framework/src/Illuminate/Routing/Router.php(682): Illuminate\\Routing\\Route->run()
#23 /home/karim/GIt project/parking_/vendor/laravel/framework/src/Illuminate/Routing/Pipeline.php(30): Illuminate\\Routing\\Router->Illuminate\\Routing\\{closure}(Object(Illuminate\\Http\\Request))
#24 /home/karim/GIt project/parking_/app/Http/Middleware/RedirectIfAuthenticated.php(24): Illuminate\\Routing\\Pipeline->Illuminate\\Routing\\{closure}(Object(Illuminate\\Http\\Request))
#25 /home/karim/GIt project/parking_/vendor/laravel/framework/src/Illuminate/Pipeline/Pipeline.php(151): App\\Http\\Middleware\\RedirectIfAuthenticated->handle(Object(Illuminate\\Http\\Request), Object(Closure))
#26 /home/karim/GIt project/parking_/vendor/laravel/framework/src/Illuminate/Routing/Pipeline.php(53): Illuminate\\Pipeline\\Pipeline->Illuminate\\Pipeline\\{closure}(Object(Illuminate\\Http\\Request))
#27 /home/karim/GIt project/parking_/vendor/laravel/framework/src/Illuminate/Routing/Middleware/SubstituteBindings.php(41): Illuminate\\Routing\\Pipeline->Illuminate\\Routing\\{closure}(Object(Illuminate\\Http\\Request))
#28 /home/karim/GIt project/parking_/vendor/laravel/framework/src/Illuminate/Pipeline/Pipeline.php(151): Illuminate\\Routing\\Middleware\\SubstituteBindings->handle(Object(Illuminate\\Http\\Request), Object(Closure))
#29 /home/karim/GIt project/parking_/vendor/laravel/framework/src/Illuminate/Routing/Pipeline.php(53): Illuminate\\Pipeline\\Pipeline->Illuminate\\Pipeline\\{closure}(Object(Illuminate\\Http\\Request))
#30 /home/karim/GIt project/parking_/vendor/laravel/framework/src/Illuminate/Foundation/Http/Middleware/VerifyCsrfToken.php(75): Illuminate\\Routing\\Pipeline->Illuminate\\Routing\\{closure}(Object(Illuminate\\Http\\Request))
#31 /home/karim/GIt project/parking_/vendor/laravel/framework/src/Illuminate/Pipeline/Pipeline.php(151): Illuminate\\Foundation\\Http\\Middleware\\VerifyCsrfToken->handle(Object(Illuminate\\Http\\Request), Object(Closure))
#32 /home/karim/GIt project/parking_/vendor/laravel/framework/src/Illuminate/Routing/Pipeline.php(53): Illuminate\\Pipeline\\Pipeline->Illuminate\\Pipeline\\{closure}(Object(Illuminate\\Http\\Request))
#33 /home/karim/GIt project/parking_/vendor/laravel/framework/src/Illuminate/View/Middleware/ShareErrorsFromSession.php(49): Illuminate\\Routing\\Pipeline->Illuminate\\Routing\\{closure}(Object(Illuminate\\Http\\Request))
#34 /home/karim/GIt project/parking_/vendor/laravel/framework/src/Illuminate/Pipeline/Pipeline.php(151): Illuminate\\View\\Middleware\\ShareErrorsFromSession->handle(Object(Illuminate\\Http\\Request), Object(Closure))
#35 /home/karim/GIt project/parking_/vendor/laravel/framework/src/Illuminate/Routing/Pipeline.php(53): Illuminate\\Pipeline\\Pipeline->Illuminate\\Pipeline\\{closure}(Object(Illuminate\\Http\\Request))
#36 /home/karim/GIt project/parking_/vendor/laravel/framework/src/Illuminate/Session/Middleware/StartSession.php(63): Illuminate\\Routing\\Pipeline->Illuminate\\Routing\\{closure}(Object(Illuminate\\Http\\Request))
#37 /home/karim/GIt project/parking_/vendor/laravel/framework/src/Illuminate/Pipeline/Pipeline.php(151): Illuminate\\Session\\Middleware\\StartSession->handle(Object(Illuminate\\Http\\Request), Object(Closure))
#38 /home/karim/GIt project/parking_/vendor/laravel/framework/src/Illuminate/Routing/Pipeline.php(53): Illuminate\\Pipeline\\Pipeline->Illuminate\\Pipeline\\{closure}(Object(Illuminate\\Http\\Request))
#39 /home/karim/GIt project/parking_/vendor/laravel/framework/src/Illuminate/Cookie/Middleware/AddQueuedCookiesToResponse.php(37): Illuminate\\Routing\\Pipeline->Illuminate\\Routing\\{closure}(Object(Illuminate\\Http\\Request))
#40 /home/karim/GIt project/parking_/vendor/laravel/framework/src/Illuminate/Pipeline/Pipeline.php(151): Illuminate\\Cookie\\Middleware\\AddQueuedCookiesToResponse->handle(Object(Illuminate\\Http\\Request), Object(Closure))
#41 /home/karim/GIt project/parking_/vendor/laravel/framework/src/Illuminate/Routing/Pipeline.php(53): Illuminate\\Pipeline\\Pipeline->Illuminate\\Pipeline\\{closure}(Object(Illuminate\\Http\\Request))
#42 /home/karim/GIt project/parking_/vendor/laravel/framework/src/Illuminate/Cookie/Middleware/EncryptCookies.php(66): Illuminate\\Routing\\Pipeline->Illuminate\\Routing\\{closure}(Object(Illuminate\\Http\\Request))
#43 /home/karim/GIt project/parking_/vendor/laravel/framework/src/Illuminate/Pipeline/Pipeline.php(151): Illuminate\\Cookie\\Middleware\\EncryptCookies->handle(Object(Illuminate\\Http\\Request), Object(Closure))
#44 /home/karim/GIt project/parking_/vendor/laravel/framework/src/Illuminate/Routing/Pipeline.php(53): Illuminate\\Pipeline\\Pipeline->Illuminate\\Pipeline\\{closure}(Object(Illuminate\\Http\\Request))
#45 /home/karim/GIt project/parking_/vendor/laravel/framework/src/Illuminate/Pipeline/Pipeline.php(104): Illuminate\\Routing\\Pipeline->Illuminate\\Routing\\{closure}(Object(Illuminate\\Http\\Request))
#46 /home/karim/GIt project/parking_/vendor/laravel/framework/src/Illuminate/Routing/Router.php(684): Illuminate\\Pipeline\\Pipeline->then(Object(Closure))
#47 /home/karim/GIt project/parking_/vendor/laravel/framework/src/Illuminate/Routing/Router.php(659): Illuminate\\Routing\\Router->runRouteWithinStack(Object(Illuminate\\Routing\\Route), Object(Illuminate\\Http\\Request))
#48 /home/karim/GIt project/parking_/vendor/laravel/framework/src/Illuminate/Routing/Router.php(625): Illuminate\\Routing\\Router->runRoute(Object(Illuminate\\Http\\Request), Object(Illuminate\\Routing\\Route))
#49 /home/karim/GIt project/parking_/vendor/laravel/framework/src/Illuminate/Routing/Router.php(614): Illuminate\\Routing\\Router->dispatchToRoute(Object(Illuminate\\Http\\Request))
#50 /home/karim/GIt project/parking_/vendor/laravel/framework/src/Illuminate/Foundation/Http/Kernel.php(176): Illuminate\\Routing\\Router->dispatch(Object(Illuminate\\Http\\Request))
#51 /home/karim/GIt project/parking_/vendor/laravel/framework/src/Illuminate/Routing/Pipeline.php(30): Illuminate\\Foundation\\Http\\Kernel->Illuminate\\Foundation\\Http\\{closure}(Object(Illuminate\\Http\\Request))
#52 /home/karim/GIt project/parking_/vendor/fideloper/proxy/src/TrustProxies.php(57): Illuminate\\Routing\\Pipeline->Illuminate\\Routing\\{closure}(Object(Illuminate\\Http\\Request))
#53 /home/karim/GIt project/parking_/vendor/laravel/framework/src/Illuminate/Pipeline/Pipeline.php(151): Fideloper\\Proxy\\TrustProxies->handle(Object(Illuminate\\Http\\Request), Object(Closure))
#54 /home/karim/GIt project/parking_/vendor/laravel/framework/src/Illuminate/Routing/Pipeline.php(53): Illuminate\\Pipeline\\Pipeline->Illuminate\\Pipeline\\{closure}(Object(Illuminate\\Http\\Request))
#55 /home/karim/GIt project/parking_/vendor/laravel/framework/src/Illuminate/Foundation/Http/Middleware/TransformsRequest.php(31): Illuminate\\Routing\\Pipeline->Illuminate\\Routing\\{closure}(Object(Illuminate\\Http\\Request))
#56 /home/karim/GIt project/parking_/vendor/laravel/framework/src/Illuminate/Pipeline/Pipeline.php(151): Illuminate\\Foundation\\Http\\Middleware\\TransformsRequest->handle(Object(Illuminate\\Http\\Request), Object(Closure))
#57 /home/karim/GIt project/parking_/vendor/laravel/framework/src/Illuminate/Routing/Pipeline.php(53): Illuminate\\Pipeline\\Pipeline->Illuminate\\Pipeline\\{closure}(Object(Illuminate\\Http\\Request))
#58 /home/karim/GIt project/parking_/vendor/laravel/framework/src/Illuminate/Foundation/Http/Middleware/TransformsRequest.php(31): Illuminate\\Routing\\Pipeline->Illuminate\\Routing\\{closure}(Object(Illuminate\\Http\\Request))
#59 /home/karim/GIt project/parking_/vendor/laravel/framework/src/Illuminate/Pipeline/Pipeline.php(151): Illuminate\\Foundation\\Http\\Middleware\\TransformsRequest->handle(Object(Illuminate\\Http\\Request), Object(Closure))
#60 /home/karim/GIt project/parking_/vendor/laravel/framework/src/Illuminate/Routing/Pipeline.php(53): Illuminate\\Pipeline\\Pipeline->Illuminate\\Pipeline\\{closure}(Object(Illuminate\\Http\\Request))
#61 /home/karim/GIt project/parking_/vendor/laravel/framework/src/Illuminate/Foundation/Http/Middleware/ValidatePostSize.php(27): Illuminate\\Routing\\Pipeline->Illuminate\\Routing\\{closure}(Object(Illuminate\\Http\\Request))
#62 /home/karim/GIt project/parking_/vendor/laravel/framework/src/Illuminate/Pipeline/Pipeline.php(151): Illuminate\\Foundation\\Http\\Middleware\\ValidatePostSize->handle(Object(Illuminate\\Http\\Request), Object(Closure))
#63 /home/karim/GIt project/parking_/vendor/laravel/framework/src/Illuminate/Routing/Pipeline.php(53): Illuminate\\Pipeline\\Pipeline->Illuminate\\Pipeline\\{closure}(Object(Illuminate\\Http\\Request))
#64 /home/karim/GIt project/parking_/vendor/laravel/framework/src/Illuminate/Foundation/Http/Middleware/CheckForMaintenanceMode.php(62): Illuminate\\Routing\\Pipeline->Illuminate\\Routing\\{closure}(Object(Illuminate\\Http\\Request))
#65 /home/karim/GIt project/parking_/vendor/laravel/framework/src/Illuminate/Pipeline/Pipeline.php(151): Illuminate\\Foundation\\Http\\Middleware\\CheckForMaintenanceMode->handle(Object(Illuminate\\Http\\Request), Object(Closure))
#66 /home/karim/GIt project/parking_/vendor/laravel/framework/src/Illuminate/Routing/Pipeline.php(53): Illuminate\\Pipeline\\Pipeline->Illuminate\\Pipeline\\{closure}(Object(Illuminate\\Http\\Request))
#67 /home/karim/GIt project/parking_/vendor/laravel/framework/src/Illuminate/Pipeline/Pipeline.php(104): Illuminate\\Routing\\Pipeline->Illuminate\\Routing\\{closure}(Object(Illuminate\\Http\\Request))
#68 /home/karim/GIt project/parking_/vendor/laravel/framework/src/Illuminate/Foundation/Http/Kernel.php(151): Illuminate\\Pipeline\\Pipeline->then(Object(Closure))
#69 /home/karim/GIt project/parking_/vendor/laravel/framework/src/Illuminate/Foundation/Http/Kernel.php(116): Illuminate\\Foundation\\Http\\Kernel->sendRequestThroughRouter(Object(Illuminate\\Http\\Request))
#70 /home/karim/GIt project/parking_/public/index.php(55): Illuminate\\Foundation\\Http\\Kernel->handle(Object(Illuminate\\Http\\Request))
#71 /home/karim/GIt project/parking_/server.php(21): require_once('/home/karim/GIt...')
#72 {main}
"} 
